<?xml version="1.0" encoding="UTF-8"?>
<!-- Generated by org.testng.reporters.JUnitReportReporter -->
<testsuite hostname="DESKTOP-26USB7E" failures="0" tests="1" name="omayoBlog.TestCases.DemoBlazeResistrationTestCase" time="48.389" errors="0" timestamp="2023-04-11T17:29:44 IST" skipped="0">
  <testcase classname="omayoBlog.TestCases.DemoBlazeResistrationTestCase" name="verifyResistration" time="48.389"/>
  <system-out/>
</testsuite> <!-- omayoBlog.TestCases.DemoBlazeResistrationTestCase -->
